-------------------------------------------------------------------------------
Test set: com.excellence.runners.CukesRunner
-------------------------------------------------------------------------------
Tests run: 2, Failures: 1, Errors: 0, Skipped: 0, Time elapsed: 15.422 s <<< FAILURE! - in com.excellence.runners.CukesRunner
User can access Excellence HomePage(Excellence Page)  Time elapsed: 8.248 s  <<< FAILURE!
org.junit.ComparisonFailure: Verify Title expected:<...| German Engineering[s]> but was:<...| German Engineering[]>

